{"/Users/iamronsuez/Code/serverless/meli/is-mutant/handler.js": {"path":"/Users/iamronsuez/Code/serverless/meli/is-mutant/handler.js","statementMap":{"0":{"start":{"line":4,"column":17},"end":{"line":4,"column":50}}},"fnMap":{},"branchMap":{},"s":{"0":2},"f":{},"b":{},"_coverageSchema":"43e27e138ebf9cfc5966b082cf9a028302ed4184","hash":"d56e723bc2779ac3bb020ffa9911f6b1dc207d1b"}
,"/Users/iamronsuez/Code/serverless/meli/is-mutant/functions/isMutant.js": {"path":"/Users/iamronsuez/Code/serverless/meli/is-mutant/functions/isMutant.js","statementMap":{"0":{"start":{"line":3,"column":17},"end":{"line":8,"column":1}},"1":{"start":{"line":4,"column":2},"end":{"line":7,"column":4}},"2":{"start":{"line":10,"column":20},"end":{"line":24,"column":1}},"3":{"start":{"line":11,"column":2},"end":{"line":23,"column":3}},"4":{"start":{"line":12,"column":17},"end":{"line":12,"column":39}},"5":{"start":{"line":13,"column":16},"end":{"line":13,"column":24}},"6":{"start":{"line":14,"column":4},"end":{"line":16,"column":5}},"7":{"start":{"line":15,"column":6},"end":{"line":15,"column":60}},"8":{"start":{"line":17,"column":22},"end":{"line":17,"column":35}},"9":{"start":{"line":19,"column":4},"end":{"line":19,"column":65}},"10":{"start":{"line":20,"column":4},"end":{"line":20,"column":77}},"11":{"start":{"line":22,"column":4},"end":{"line":22,"column":31}}},"fnMap":{"0":{"name":"(anonymous_0)","decl":{"start":{"line":3,"column":17},"end":{"line":3,"column":18}},"loc":{"start":{"line":3,"column":35},"end":{"line":8,"column":1}},"line":3},"1":{"name":"(anonymous_1)","decl":{"start":{"line":10,"column":20},"end":{"line":10,"column":21}},"loc":{"start":{"line":10,"column":37},"end":{"line":24,"column":1}},"line":10}},"branchMap":{"0":{"loc":{"start":{"line":14,"column":4},"end":{"line":16,"column":5}},"type":"if","locations":[{"start":{"line":14,"column":4},"end":{"line":16,"column":5}},{"start":{"line":14,"column":4},"end":{"line":16,"column":5}}],"line":14},"1":{"loc":{"start":{"line":20,"column":20},"end":{"line":20,"column":43}},"type":"cond-expr","locations":[{"start":{"line":20,"column":34},"end":{"line":20,"column":37}},{"start":{"line":20,"column":40},"end":{"line":20,"column":43}}],"line":20},"2":{"loc":{"start":{"line":20,"column":45},"end":{"line":20,"column":76}},"type":"cond-expr","locations":[{"start":{"line":20,"column":59},"end":{"line":20,"column":63}},{"start":{"line":20,"column":65},"end":{"line":20,"column":76}}],"line":20}},"s":{"0":2,"1":4,"2":2,"3":4,"4":4,"5":3,"6":3,"7":1,"8":2,"9":2,"10":2,"11":1},"f":{"0":4,"1":4},"b":{"0":[1,2],"1":[1,1],"2":[1,1]},"_coverageSchema":"43e27e138ebf9cfc5966b082cf9a028302ed4184","hash":"7df7ca7aea3136be8c46dc274478105ac322c3d4"}
,"/Users/iamronsuez/Code/serverless/meli/is-mutant/functions/isMutantStats.js": {"path":"/Users/iamronsuez/Code/serverless/meli/is-mutant/functions/isMutantStats.js","statementMap":{"0":{"start":{"line":1,"column":17},"end":{"line":1,"column":36}},"1":{"start":{"line":5,"column":17},"end":{"line":10,"column":1}},"2":{"start":{"line":6,"column":2},"end":{"line":9,"column":4}},"3":{"start":{"line":12,"column":27},"end":{"line":29,"column":1}},"4":{"start":{"line":13,"column":2},"end":{"line":28,"column":3}},"5":{"start":{"line":14,"column":2},"end":{"line":14,"column":40}},"6":{"start":{"line":15,"column":30},"end":{"line":20,"column":3}},"7":{"start":{"line":21,"column":25},"end":{"line":21,"column":50}},"8":{"start":{"line":22,"column":24},"end":{"line":22,"column":48}},"9":{"start":{"line":23,"column":16},"end":{"line":23,"column":120}},"10":{"start":{"line":24,"column":2},"end":{"line":24,"column":35}},"11":{"start":{"line":25,"column":2},"end":{"line":25,"column":96}},"12":{"start":{"line":27,"column":6},"end":{"line":27,"column":33}}},"fnMap":{"0":{"name":"(anonymous_0)","decl":{"start":{"line":5,"column":17},"end":{"line":5,"column":18}},"loc":{"start":{"line":5,"column":35},"end":{"line":10,"column":1}},"line":5},"1":{"name":"(anonymous_1)","decl":{"start":{"line":12,"column":27},"end":{"line":12,"column":28}},"loc":{"start":{"line":12,"column":39},"end":{"line":29,"column":1}},"line":12}},"branchMap":{"0":{"loc":{"start":{"line":23,"column":16},"end":{"line":23,"column":120}},"type":"cond-expr","locations":[{"start":{"line":23,"column":39},"end":{"line":23,"column":116}},{"start":{"line":23,"column":119},"end":{"line":23,"column":120}}],"line":23}},"s":{"0":1,"1":1,"2":1,"3":1,"4":1,"5":1,"6":1,"7":1,"8":1,"9":1,"10":1,"11":1,"12":0},"f":{"0":1,"1":1},"b":{"0":[1,0]},"_coverageSchema":"43e27e138ebf9cfc5966b082cf9a028302ed4184","hash":"93334c6acd45b4b733178be2822d3063255625ec"}
,"/Users/iamronsuez/Code/serverless/meli/is-mutant/functions/storeIsMutantCheck.js": {"path":"/Users/iamronsuez/Code/serverless/meli/is-mutant/functions/storeIsMutantCheck.js","statementMap":{"0":{"start":{"line":1,"column":17},"end":{"line":1,"column":36}},"1":{"start":{"line":3,"column":28},"end":{"line":20,"column":1}},"2":{"start":{"line":4,"column":2},"end":{"line":19,"column":3}},"3":{"start":{"line":5,"column":18},"end":{"line":5,"column":28}},"4":{"start":{"line":6,"column":29},"end":{"line":6,"column":36}},"5":{"start":{"line":7,"column":19},"end":{"line":7,"column":31}},"6":{"start":{"line":8,"column":2},"end":{"line":8,"column":40}},"7":{"start":{"line":9,"column":17},"end":{"line":13,"column":3}},"8":{"start":{"line":14,"column":2},"end":{"line":14,"column":35}},"9":{"start":{"line":15,"column":2},"end":{"line":15,"column":15}},"10":{"start":{"line":17,"column":6},"end":{"line":17,"column":26}},"11":{"start":{"line":18,"column":6},"end":{"line":18,"column":17}}},"fnMap":{"0":{"name":"(anonymous_0)","decl":{"start":{"line":3,"column":28},"end":{"line":3,"column":29}},"loc":{"start":{"line":3,"column":45},"end":{"line":20,"column":1}},"line":3}},"branchMap":{},"s":{"0":2,"1":2,"2":1,"3":1,"4":1,"5":1,"6":1,"7":1,"8":1,"9":1,"10":0,"11":0},"f":{"0":1},"b":{},"_coverageSchema":"43e27e138ebf9cfc5966b082cf9a028302ed4184","hash":"1622fa0fee5f816b38dc3230acfb2fb65eedc942"}
,"/Users/iamronsuez/Code/serverless/meli/is-mutant/lib/DnaCheckModel.js": {"path":"/Users/iamronsuez/Code/serverless/meli/is-mutant/lib/DnaCheckModel.js","statementMap":{"0":{"start":{"line":1,"column":17},"end":{"line":1,"column":36}},"1":{"start":{"line":3,"column":23},"end":{"line":7,"column":2}},"2":{"start":{"line":9,"column":0},"end":{"line":11,"column":3}},"3":{"start":{"line":10,"column":2},"end":{"line":10,"column":49}}},"fnMap":{"0":{"name":"(anonymous_0)","decl":{"start":{"line":9,"column":28},"end":{"line":9,"column":29}},"loc":{"start":{"line":9,"column":42},"end":{"line":11,"column":1}},"line":9}},"branchMap":{},"s":{"0":3,"1":3,"2":3,"3":0},"f":{"0":0},"b":{},"_coverageSchema":"43e27e138ebf9cfc5966b082cf9a028302ed4184","hash":"a732cae271ac5d696a6dfa97c49c742b47ebe3ba"}
,"/Users/iamronsuez/Code/serverless/meli/is-mutant/lib/isMutant.js": {"path":"/Users/iamronsuez/Code/serverless/meli/is-mutant/lib/isMutant.js","statementMap":{"0":{"start":{"line":1,"column":20},"end":{"line":14,"column":1}},"1":{"start":{"line":2,"column":15},"end":{"line":2,"column":52}},"2":{"start":{"line":2,"column":36},"end":{"line":2,"column":51}},"3":{"start":{"line":3,"column":23},"end":{"line":3,"column":66}},"4":{"start":{"line":3,"column":53},"end":{"line":3,"column":65}},"5":{"start":{"line":4,"column":24},"end":{"line":4,"column":77}},"6":{"start":{"line":4,"column":64},"end":{"line":4,"column":76}},"7":{"start":{"line":6,"column":18},"end":{"line":10,"column":26}},"8":{"start":{"line":8,"column":6},"end":{"line":8,"column":53}},"9":{"start":{"line":8,"column":33},"end":{"line":8,"column":42}},"10":{"start":{"line":10,"column":14},"end":{"line":10,"column":25}},"11":{"start":{"line":12,"column":23},"end":{"line":12,"column":73}},"12":{"start":{"line":13,"column":2},"end":{"line":13,"column":22}},"13":{"start":{"line":15,"column":29},"end":{"line":15,"column":67}},"14":{"start":{"line":15,"column":38},"end":{"line":15,"column":67}},"15":{"start":{"line":17,"column":24},"end":{"line":25,"column":1}},"16":{"start":{"line":18,"column":16},"end":{"line":23,"column":6}},"17":{"start":{"line":19,"column":6},"end":{"line":21,"column":7}},"18":{"start":{"line":20,"column":8},"end":{"line":20,"column":22}},"19":{"start":{"line":22,"column":6},"end":{"line":22,"column":16}},"20":{"start":{"line":24,"column":2},"end":{"line":24,"column":15}},"21":{"start":{"line":28,"column":24},"end":{"line":30,"column":1}},"22":{"start":{"line":29,"column":2},"end":{"line":29,"column":51}}},"fnMap":{"0":{"name":"(anonymous_0)","decl":{"start":{"line":1,"column":20},"end":{"line":1,"column":21}},"loc":{"start":{"line":1,"column":31},"end":{"line":14,"column":1}},"line":1},"1":{"name":"(anonymous_1)","decl":{"start":{"line":2,"column":27},"end":{"line":2,"column":28}},"loc":{"start":{"line":2,"column":36},"end":{"line":2,"column":51}},"line":2},"2":{"name":"(anonymous_2)","decl":{"start":{"line":3,"column":35},"end":{"line":3,"column":36}},"loc":{"start":{"line":3,"column":53},"end":{"line":3,"column":65}},"line":3},"3":{"name":"(anonymous_3)","decl":{"start":{"line":4,"column":46},"end":{"line":4,"column":47}},"loc":{"start":{"line":4,"column":64},"end":{"line":4,"column":76}},"line":4},"4":{"name":"(anonymous_4)","decl":{"start":{"line":7,"column":9},"end":{"line":7,"column":10}},"loc":{"start":{"line":7,"column":23},"end":{"line":9,"column":5}},"line":7},"5":{"name":"(anonymous_5)","decl":{"start":{"line":8,"column":25},"end":{"line":8,"column":26}},"loc":{"start":{"line":8,"column":33},"end":{"line":8,"column":42}},"line":8},"6":{"name":"(anonymous_6)","decl":{"start":{"line":10,"column":9},"end":{"line":10,"column":10}},"loc":{"start":{"line":10,"column":14},"end":{"line":10,"column":25}},"line":10},"7":{"name":"(anonymous_7)","decl":{"start":{"line":15,"column":29},"end":{"line":15,"column":30}},"loc":{"start":{"line":15,"column":38},"end":{"line":15,"column":67}},"line":15},"8":{"name":"(anonymous_8)","decl":{"start":{"line":17,"column":24},"end":{"line":17,"column":25}},"loc":{"start":{"line":17,"column":35},"end":{"line":25,"column":1}},"line":17},"9":{"name":"(anonymous_9)","decl":{"start":{"line":18,"column":31},"end":{"line":18,"column":32}},"loc":{"start":{"line":18,"column":47},"end":{"line":23,"column":3}},"line":18},"10":{"name":"(anonymous_10)","decl":{"start":{"line":28,"column":24},"end":{"line":28,"column":25}},"loc":{"start":{"line":28,"column":35},"end":{"line":30,"column":1}},"line":28}},"branchMap":{"0":{"loc":{"start":{"line":19,"column":6},"end":{"line":21,"column":7}},"type":"if","locations":[{"start":{"line":19,"column":6},"end":{"line":21,"column":7}},{"start":{"line":19,"column":6},"end":{"line":21,"column":7}}],"line":19}},"s":{"0":3,"1":4,"2":24,"3":4,"4":24,"5":4,"6":24,"7":4,"8":24,"9":144,"10":24,"11":4,"12":4,"13":3,"14":56,"15":3,"16":4,"17":56,"18":8,"19":48,"20":4,"21":3,"22":4},"f":{"0":4,"1":24,"2":24,"3":24,"4":24,"5":144,"6":24,"7":56,"8":4,"9":56,"10":4},"b":{"0":[8,48]},"_coverageSchema":"43e27e138ebf9cfc5966b082cf9a028302ed4184","hash":"2c73e95cfab86de12b793b5fc4864d487ae6bc0a"}
,"/Users/iamronsuez/Code/serverless/meli/is-mutant/lib/storeAtMongoDB.js": {"path":"/Users/iamronsuez/Code/serverless/meli/is-mutant/lib/storeAtMongoDB.js","statementMap":{"0":{"start":{"line":1,"column":12},"end":{"line":1,"column":30}},"1":{"start":{"line":2,"column":36},"end":{"line":13,"column":1}},"2":{"start":{"line":3,"column":17},"end":{"line":3,"column":54}},"3":{"start":{"line":4,"column":17},"end":{"line":8,"column":3}},"4":{"start":{"line":10,"column":2},"end":{"line":12,"column":14}}},"fnMap":{"0":{"name":"(anonymous_0)","decl":{"start":{"line":2,"column":36},"end":{"line":2,"column":37}},"loc":{"start":{"line":2,"column":47},"end":{"line":13,"column":1}},"line":2}},"branchMap":{},"s":{"0":2,"1":2,"2":2,"3":2,"4":2},"f":{"0":2},"b":{},"_coverageSchema":"43e27e138ebf9cfc5966b082cf9a028302ed4184","hash":"fce438514efd75b5eff9164d8491288ece947e6f"}
}
