TN:
SF:/Users/iamronsuez/Code/serverless/meli/is-mutant/handler.js
FNF:0
FNH:0
DA:4,2
LF:1
LH:1
BRF:0
BRH:0
end_of_record
TN:
SF:/Users/iamronsuez/Code/serverless/meli/is-mutant/functions/isMutant.js
FN:3,(anonymous_0)
FN:10,(anonymous_1)
FNF:2
FNH:2
FNDA:4,(anonymous_0)
FNDA:4,(anonymous_1)
DA:3,2
DA:4,4
DA:10,2
DA:11,4
DA:12,4
DA:13,3
DA:14,3
DA:15,1
DA:17,2
DA:19,2
DA:20,2
DA:22,1
LF:12
LH:12
BRDA:14,0,0,1
BRDA:14,0,1,2
BRDA:20,1,0,1
BRDA:20,1,1,1
BRDA:20,2,0,1
BRDA:20,2,1,1
BRF:6
BRH:6
end_of_record
TN:
SF:/Users/iamronsuez/Code/serverless/meli/is-mutant/functions/isMutantStats.js
FN:5,(anonymous_0)
FN:12,(anonymous_1)
FNF:2
FNH:2
FNDA:1,(anonymous_0)
FNDA:1,(anonymous_1)
DA:1,1
DA:5,1
DA:6,1
DA:12,1
DA:13,1
DA:14,1
DA:15,1
DA:21,1
DA:22,1
DA:23,1
DA:24,1
DA:25,1
DA:27,0
LF:13
LH:12
BRDA:23,0,0,1
BRDA:23,0,1,0
BRF:2
BRH:1
end_of_record
TN:
SF:/Users/iamronsuez/Code/serverless/meli/is-mutant/functions/storeIsMutantCheck.js
FN:3,(anonymous_0)
FNF:1
FNH:1
FNDA:1,(anonymous_0)
DA:1,2
DA:3,2
DA:4,1
DA:5,1
DA:6,1
DA:7,1
DA:8,1
DA:9,1
DA:14,1
DA:15,1
DA:17,0
DA:18,0
LF:12
LH:10
BRF:0
BRH:0
end_of_record
TN:
SF:/Users/iamronsuez/Code/serverless/meli/is-mutant/lib/DnaCheckModel.js
FN:9,(anonymous_0)
FNF:1
FNH:0
FNDA:0,(anonymous_0)
DA:1,3
DA:3,3
DA:9,3
DA:10,0
LF:4
LH:3
BRF:0
BRH:0
end_of_record
TN:
SF:/Users/iamronsuez/Code/serverless/meli/is-mutant/lib/isMutant.js
FN:1,(anonymous_0)
FN:2,(anonymous_1)
FN:3,(anonymous_2)
FN:4,(anonymous_3)
FN:7,(anonymous_4)
FN:8,(anonymous_5)
FN:10,(anonymous_6)
FN:15,(anonymous_7)
FN:17,(anonymous_8)
FN:18,(anonymous_9)
FN:28,(anonymous_10)
FNF:11
FNH:11
FNDA:4,(anonymous_0)
FNDA:24,(anonymous_1)
FNDA:24,(anonymous_2)
FNDA:24,(anonymous_3)
FNDA:24,(anonymous_4)
FNDA:144,(anonymous_5)
FNDA:24,(anonymous_6)
FNDA:56,(anonymous_7)
FNDA:4,(anonymous_8)
FNDA:56,(anonymous_9)
FNDA:4,(anonymous_10)
DA:1,3
DA:2,24
DA:3,24
DA:4,24
DA:6,4
DA:8,144
DA:10,24
DA:12,4
DA:13,4
DA:15,56
DA:17,3
DA:18,4
DA:19,56
DA:20,8
DA:22,48
DA:24,4
DA:28,3
DA:29,4
LF:18
LH:18
BRDA:19,0,0,8
BRDA:19,0,1,48
BRF:2
BRH:2
end_of_record
TN:
SF:/Users/iamronsuez/Code/serverless/meli/is-mutant/lib/storeAtMongoDB.js
FN:2,(anonymous_0)
FNF:1
FNH:1
FNDA:2,(anonymous_0)
DA:1,2
DA:2,2
DA:3,2
DA:4,2
DA:10,2
LF:5
LH:5
BRF:0
BRH:0
end_of_record
